<?xml version="1.0" encoding="UTF-8"?>
<robot generator="Robot 7.4.2 (Python 3.13.12 on darwin)" generated="2026-05-25T18:40:06.962048" rpa="false" schemaversion="5">
<suite id="s1" name="UT2-1" source="/Users/evelinalim/UC/SQA/alp-sqa/Tests/ProgramRegistration/UT2-1.robot">
<test id="s1-t1" name="UT2-1 Mahasiswa Melakukan Registrasi Outbound Program dengan Data yang Tidak Lengkap" line="6">
<kw name="Start TestCase" owner="CommonFunctionality">
<kw name="Set Variable" owner="BuiltIn">
<msg time="2026-05-25T18:40:07.012450" level="INFO">${chrome_options} = add_argument("--disable-notifications")</msg>
<var>${chrome_options}</var>
<arg>add_argument("--disable-notifications")</arg>
<doc>Returns the given values which can then be assigned to a variables.</doc>
<status status="PASS" start="2026-05-25T18:40:07.012343" elapsed="0.000122"/>
</kw>
<kw name="Open Browser" owner="SeleniumLibrary">
<msg time="2026-05-25T18:40:07.012606" level="INFO">Opening browser 'chrome' to base url 'https://trial.uc.ac.id/'.</msg>
<arg>${URL}</arg>
<arg>chrome</arg>
<arg>options=${chrome_options}</arg>
<doc>Opens a new browser instance to the optional ``url``.</doc>
<status status="PASS" start="2026-05-25T18:40:07.012517" elapsed="5.867062"/>
</kw>
<kw name="Maximize Browser Window" owner="SeleniumLibrary">
<doc>Maximizes current browser window.</doc>
<status status="PASS" start="2026-05-25T18:40:12.880355" elapsed="0.360196"/>
</kw>
<kw name="Add Cookie" owner="SeleniumLibrary">
<arg>${COOKIENAME}</arg>
<arg>${COOKIEVALUE}</arg>
<doc>Adds a cookie to your current session.</doc>
<status status="PASS" start="2026-05-25T18:40:13.240645" elapsed="0.001895"/>
</kw>
<kw name="Reload Page" owner="SeleniumLibrary">
<doc>Simulates user reloading page.</doc>
<status status="PASS" start="2026-05-25T18:40:13.242595" elapsed="4.225112"/>
</kw>
<kw name="Wait Until Page Contains Element" owner="SeleniumLibrary">
<arg>//*[@id="scrolldashboard"]/button[1]</arg>
<doc>Waits until the element ``locator`` appears on the current page.</doc>
<status status="PASS" start="2026-05-25T18:40:17.468132" elapsed="0.008915"/>
</kw>
<status status="PASS" start="2026-05-25T18:40:07.012109" elapsed="10.465072"/>
</kw>
<kw name="Wait Until Element Is Visible" owner="SeleniumLibrary">
<arg>//button[@data-bs-target="#mainmenu-modal"]</arg>
<doc>Waits until the element ``locator`` is visible.</doc>
<status status="PASS" start="2026-05-25T18:40:17.477412" elapsed="0.010980"/>
</kw>
<kw name="Click Button" owner="SeleniumLibrary">
<msg time="2026-05-25T18:40:17.488712" level="INFO">Clicking button '//button[@data-bs-target="#mainmenu-modal"]'.</msg>
<arg>//button[@data-bs-target="#mainmenu-modal"]</arg>
<doc>Clicks the button identified by ``locator``.</doc>
<status status="PASS" start="2026-05-25T18:40:17.488567" elapsed="0.035053"/>
</kw>
<kw name="Wait Until Element Is Visible" owner="SeleniumLibrary">
<arg>//a[contains(text(), 'My Activity')]</arg>
<doc>Waits until the element ``locator`` is visible.</doc>
<status status="PASS" start="2026-05-25T18:40:17.524005" elapsed="0.224649"/>
</kw>
<kw name="Click Element" owner="SeleniumLibrary">
<msg time="2026-05-25T18:40:17.749213" level="INFO">Clicking element '//a[contains(text(), 'My Activity')]'.</msg>
<arg>//a[contains(text(), 'My Activity')]</arg>
<doc>Click the element identified by ``locator``.</doc>
<status status="PASS" start="2026-05-25T18:40:17.748953" elapsed="0.034279"/>
</kw>
<kw name="Wait Until Page Contains Element" owner="SeleniumLibrary">
<arg>//a[contains(text(), 'Student International')]</arg>
<doc>Waits until the element ``locator`` appears on the current page.</doc>
<status status="PASS" start="2026-05-25T18:40:17.783486" elapsed="0.007809"/>
</kw>
<kw name="Scroll Element Into View" owner="SeleniumLibrary">
<arg>//a[contains(text(), 'Student International')]</arg>
<doc>Scrolls the element identified by ``locator`` into view.</doc>
<status status="PASS" start="2026-05-25T18:40:17.791417" elapsed="0.263842"/>
</kw>
<kw name="Wait Until Element Is Visible" owner="SeleniumLibrary">
<arg>//a[contains(text(), 'Student International')]</arg>
<doc>Waits until the element ``locator`` is visible.</doc>
<status status="PASS" start="2026-05-25T18:40:18.055498" elapsed="0.009160"/>
</kw>
<kw name="Click Element" owner="SeleniumLibrary">
<msg time="2026-05-25T18:40:18.065033" level="INFO">Clicking element '//a[contains(text(), 'Student International')]'.</msg>
<arg>//a[contains(text(), 'Student International')]</arg>
<doc>Click the element identified by ``locator``.</doc>
<status status="PASS" start="2026-05-25T18:40:18.064876" elapsed="0.029471"/>
</kw>
<kw name="Wait Until Page Contains Element" owner="SeleniumLibrary">
<arg>//a[contains(text(), 'Outbound Program')]</arg>
<doc>Waits until the element ``locator`` appears on the current page.</doc>
<status status="PASS" start="2026-05-25T18:40:18.094585" elapsed="0.004897"/>
</kw>
<kw name="Scroll Element Into View" owner="SeleniumLibrary">
<arg>//a[contains(text(), 'Outbound Program')]</arg>
<doc>Scrolls the element identified by ``locator`` into view.</doc>
<status status="PASS" start="2026-05-25T18:40:18.099741" elapsed="0.263690"/>
</kw>
<kw name="Wait Until Element Is Visible" owner="SeleniumLibrary">
<arg>//a[contains(text(), 'Outbound Program')]</arg>
<doc>Waits until the element ``locator`` is visible.</doc>
<status status="PASS" start="2026-05-25T18:40:18.363660" elapsed="0.008973"/>
</kw>
<kw name="Click Element" owner="SeleniumLibrary">
<msg time="2026-05-25T18:40:18.373296" level="INFO">Clicking element '//a[contains(text(), 'Outbound Program')]'.</msg>
<arg>//a[contains(text(), 'Outbound Program')]</arg>
<doc>Click the element identified by ``locator``.</doc>
<status status="PASS" start="2026-05-25T18:40:18.372935" elapsed="1.209283"/>
</kw>
<kw name="Wait Until Page Contains Element" owner="SeleniumLibrary">
<arg>//span[contains(text(), 'Student Outbound Program List')]</arg>
<doc>Waits until the element ``locator`` appears on the current page.</doc>
<status status="PASS" start="2026-05-25T18:40:19.582523" elapsed="0.008998"/>
</kw>
<kw name="Scroll Element Into View" owner="SeleniumLibrary">
<arg>//a[contains(@href, 'https://trial.uc.ac.id/student_outbound/form_apply/019ddcbe-b722-70b2-a848-0d49e0d98398/')]</arg>
<doc>Scrolls the element identified by ``locator`` into view.</doc>
<status status="PASS" start="2026-05-25T18:40:19.591837" elapsed="0.272468"/>
</kw>
<kw name="Wait Until Element Is Visible" owner="SeleniumLibrary">
<arg>//a[contains(@href, 'https://trial.uc.ac.id/student_outbound/form_apply/019ddcbe-b722-70b2-a848-0d49e0d98398/')]</arg>
<doc>Waits until the element ``locator`` is visible.</doc>
<status status="PASS" start="2026-05-25T18:40:19.864699" elapsed="0.013993"/>
</kw>
<kw name="Click Element" owner="SeleniumLibrary">
<msg time="2026-05-25T18:40:19.879197" level="INFO">Clicking element '//a[contains(@href, 'https://trial.uc.ac.id/student_outbound/form_apply/019ddcbe-b722-70b2-a848-0d49e0d98398/')]'.</msg>
<arg>//a[contains(@href, 'https://trial.uc.ac.id/student_outbound/form_apply/019ddcbe-b722-70b2-a848-0d49e0d98398/')]</arg>
<doc>Click the element identified by ``locator``.</doc>
<status status="PASS" start="2026-05-25T18:40:19.878973" elapsed="0.349736"/>
</kw>
<kw name="Wait Until Page Contains Element" owner="SeleniumLibrary">
<arg>//span[contains(text(), 'Student Outbound New Program')]</arg>
<doc>Waits until the element ``locator`` appears on the current page.</doc>
<status status="PASS" start="2026-05-25T18:40:20.229006" elapsed="0.005714"/>
</kw>
<kw name="Scroll Element Into View" owner="SeleniumLibrary">
<arg>//*[@id="apply_form"]/div[5]/button</arg>
<doc>Scrolls the element identified by ``locator`` into view.</doc>
<status status="PASS" start="2026-05-25T18:40:20.234845" elapsed="0.270440"/>
</kw>
<kw name="Wait Until Element Is Visible" owner="SeleniumLibrary">
<arg>//*[@id="apply_form"]/div[5]/button</arg>
<doc>Waits until the element ``locator`` is visible.</doc>
<status status="PASS" start="2026-05-25T18:40:20.505644" elapsed="0.011042"/>
</kw>
<kw name="Click Button" owner="SeleniumLibrary">
<msg time="2026-05-25T18:40:20.517219" level="INFO">Clicking button '//*[@id="apply_form"]/div[5]/button'.</msg>
<arg>//*[@id="apply_form"]/div[5]/button</arg>
<doc>Clicks the button identified by ``locator``.</doc>
<status status="PASS" start="2026-05-25T18:40:20.516964" elapsed="0.039700"/>
</kw>
<kw name="Wait Until Page Contains Element" owner="SeleniumLibrary">
<arg>//div[contains(text(), 'Are you sure you want to apply this program?')]</arg>
<doc>Waits until the element ``locator`` appears on the current page.</doc>
<status status="PASS" start="2026-05-25T18:40:20.557062" elapsed="0.005965"/>
</kw>
<kw name="Wait Until Element Is Visible" owner="SeleniumLibrary">
<arg>//*[@id="aysModal"]/div/div/div[3]/button[2]</arg>
<doc>Waits until the element ``locator`` is visible.</doc>
<status status="PASS" start="2026-05-25T18:40:20.563129" elapsed="0.220908"/>
</kw>
<kw name="Click Button" owner="SeleniumLibrary">
<msg time="2026-05-25T18:40:20.784548" level="INFO">Clicking button '//*[@id="aysModal"]/div/div/div[3]/button[2]'.</msg>
<arg>//*[@id="aysModal"]/div/div/div[3]/button[2]</arg>
<doc>Clicks the button identified by ``locator``.</doc>
<status status="PASS" start="2026-05-25T18:40:20.784338" elapsed="0.038684"/>
</kw>
<kw name="Wait Until Page Contains Element" owner="SeleniumLibrary">
<arg>//div[contains(text(), 'Please Check Required Attachment.')]</arg>
<doc>Waits until the element ``locator`` appears on the current page.</doc>
<status status="PASS" start="2026-05-25T18:40:20.823175" elapsed="0.007655"/>
</kw>
<kw name="End TestCase" owner="CommonFunctionality">
<kw name="Close Browser" owner="SeleniumLibrary">
<doc>Closes the current browser.</doc>
<status status="PASS" start="2026-05-25T18:40:20.831205" elapsed="0.081002"/>
</kw>
<status status="PASS" start="2026-05-25T18:40:20.831044" elapsed="0.081226"/>
</kw>
<doc>Test case ini bertujuan untuk memastikan bahwa sistem menampilkan pesan error yang sesuai ketika mahasiswa mencoba melakukan registrasi Outbound Program dengan data yang tidak lengkap.</doc>
<status status="PASS" start="2026-05-25T18:40:07.011853" elapsed="13.900511"/>
</test>
<doc>UT2-1 Mahasiswa melakukan registrasi Outbound Program dengan data yang tidak lengkap</doc>
<status status="PASS" start="2026-05-25T18:40:06.963908" elapsed="13.948658"/>
</suite>
<statistics>
<total>
<stat pass="1" fail="0" skip="0">All Tests</stat>
</total>
<tag>
</tag>
<suite>
<stat name="UT2-1" id="s1" pass="1" fail="0" skip="0">UT2-1</stat>
</suite>
</statistics>
<errors>
</errors>
</robot>
